2012-04-10T19:09:43 - start...
2012-04-10T19:10:07 - done

2012-04-10T19:17:29 - start...
{'infants': None, 'range': None, 'origin_iata': None, 'trip_class': None, 'destination_iata': None, 'children': None, 'return_date': '2012-04-20T00:00:00', 'depart_date': '2012-04-20T00:00:00', 'adults': None}
2012-04-10T19:19:52 - not response
{'infants': None, 'range': None, 'origin_iata': None, 'trip_class': None, 'destination_iata': None, 'children': None, 'return_date': '2012-04-20T00:00:00', 'depart_date': '2012-04-20T00:00:00', 'adults': None}
2012-04-10T19:21:10 - not response
2012-04-10T19:22:23 - start...
2012-04-10T19:22:47 - done

2012-04-10T19:22:50 - start...
2012-04-10T19:23:12 - done

2012-04-10T19:40:10 - start...
2012-04-10T19:40:39 - start...
2012-04-10T19:42:57 - start...
{'adults': '1', 'depart_date': '2012-04-26', 'destination_iata': 'Los Angeles', 'range': None, 'origin_iata': 'SYD', 'trip_class': 'ECONOMY', 'infants': '0', 'children': '0', 'return_date': '2012-04-29'}
2012-04-10T19:42:57 - done

2012-04-10T19:44:21 - start...
2012-04-10T19:45:01 - done

2012-04-10T19:47:55 - start...
2012-04-10T19:48:22 - done

2012-04-10T19:48:38 - start...
2012-04-10T19:49:03 - done

2012-04-10T19:50:33 - start...
2012-04-10T19:50:56 - done

2012-04-10T19:51:12 - start...
2012-04-10T19:51:38 - done

2012-04-10T19:54:42 - start...
2012-04-10T20:09:27 - start...
2012-04-10T20:09:49 - done

2012-04-10T20:10:08 - start...
2012-04-10T20:10:31 - done

2012-04-10T21:20:06 - start...
2012-04-10T21:59:18 - start...
2012-04-10T21:59:41 - done

2012-04-10T22:32:02 - start...
2012-04-10T22:32:24 - done

2012-04-10T22:33:15 - start...
2012-04-10T22:33:43 - start...
2012-04-10T22:34:10 - done

2012-04-10T22:34:22 - start...
2012-04-10T22:34:45 - done

2012-04-10T22:34:54 - start...
2012-04-10T22:35:21 - done

